Using pre-set license

 COMMAND LINE ARGUMENTS:
/Applications/Unity/Hub/Editor/2020.2.5f1/Unity.app/Contents/MacOS/Unity
-adb2
-batchMode
-noUpm
-name
AssetImportWorker0
-projectPath
/Users/samilasaroglu/Downloads/Shot Merger
-logFile
Logs/AssetImportWorker0.log
-srvPort
63191
Successfully changed project path to: /Users/samilasaroglu/Downloads/Shot Merger
/Users/samilasaroglu/Downloads/Shot Merger
Using Asset Import Pipeline V2.
Refreshing native plugins compatible for Editor in 111.09 ms, found 1 plugins.
Preloading 0 native plugins for Editor in 0.00 ms.
Initialize engine version: 2020.2.5f1 (e2c53f129de5)
[Subsystems] Discovering subsystems at path /Applications/Unity/Hub/Editor/2020.2.5f1/Unity.app/Contents/Resources/UnitySubsystems
[Subsystems] Discovering subsystems at path /Users/samilasaroglu/Downloads/Shot Merger/Assets
GfxDevice: creating device client; threaded=0
2022-04-12 22:40:24.735 Unity[24909:1753384] Color LCD preferred device: Intel(R) Iris(TM) Graphics 6000 (low power)
2022-04-12 22:40:24.735 Unity[24909:1753384] Metal devices available: 1
2022-04-12 22:40:24.735 Unity[24909:1753384] 0: Intel(R) Iris(TM) Graphics 6000 (low power)
2022-04-12 22:40:24.736 Unity[24909:1753384] Using device Intel(R) Iris(TM) Graphics 6000 (low power)
Initializing Metal device caps: Intel(R) Iris(TM) Graphics 6000
Initialize mono
Mono path[0] = '/Applications/Unity/Hub/Editor/2020.2.5f1/Unity.app/Contents/Managed'
Mono path[1] = '/Applications/Unity/Hub/Editor/2020.2.5f1/Unity.app/Contents/MonoBleedingEdge/lib/mono/unityjit'
Mono config path = '/Applications/Unity/Hub/Editor/2020.2.5f1/Unity.app/Contents/MonoBleedingEdge/etc'
Using monoOptions --debugger-agent=transport=dt_socket,embedding=1,server=y,suspend=n,address=127.0.0.1:56909
Begin MonoManager ReloadAssembly
Registering precompiled unity dll's ...
Register platform support module: /Applications/Unity/Hub/Editor/2020.2.5f1/PlaybackEngines/WebGLSupport/UnityEditor.WebGL.Extensions.dll
Register platform support module: /Applications/Unity/Hub/Editor/2020.2.5f1/Unity.app/Contents/PlaybackEngines/MacStandaloneSupport/UnityEditor.OSXStandalone.Extensions.dll
Registered in 0.000934 seconds.
Native extension for OSXStandalone target not found
Native extension for WebGL target not found
Refreshing native plugins compatible for Editor in 37.66 ms, found 1 plugins.
Preloading 0 native plugins for Editor in 0.00 ms.
Invoked RoslynAnalysisRunner static constructor.
RoslynAnalysisRunner will not be running.
RoslynAnalysisRunner has terminated.
Mono: successfully reloaded assembly
- Completed reload, in  5.798 seconds
Platform modules already initialized, skipping
Registering precompiled user dll's ...
Registered in 0.002274 seconds.
Begin MonoManager ReloadAssembly
Native extension for OSXStandalone target not found
Native extension for WebGL target not found
Refreshing native plugins compatible for Editor in 0.24 ms, found 1 plugins.
Preloading 0 native plugins for Editor in 0.00 ms.
Invoked RoslynAnalysisRunner static constructor.
RoslynAnalysisRunner will not be running.
RoslynAnalysisRunner has terminated.
Mono: successfully reloaded assembly
- Completed reload, in  1.515 seconds
Platform modules already initialized, skipping
========================================================================
Worker process is ready to serve import requests
Launching external process: /Applications/Unity/Hub/Editor/2020.2.5f1/Unity.app/Contents/Tools/UnityShaderCompiler
Launched and connected shader compiler UnityShaderCompiler after 0.02 seconds
Refreshing native plugins compatible for Editor in 0.34 ms, found 1 plugins.
Preloading 0 native plugins for Editor in 0.00 ms.
Unloading 1122 Unused Serialized files (Serialized files now loaded: 0)
System memory in use before: 115.2 MB.
System memory in use after: 115.2 MB.

Unloading 10 unused Assets to reduce memory usage. Loaded Objects now: 1566.
Total: 3.730932 ms (FindLiveObjects: 0.465767 ms CreateObjectMapping: 0.122085 ms MarkObjects: 3.003475 ms  DeleteObjects: 0.137170 ms)

========================================================================
Received Import Request.
  path: Assets/Prefabs/BarrelDestroyEffects.prefab
  artifactKey: Guid(eb870537f53484b3fb85a635bcf4458c) Importer(815301076,1909f56bfc062723c751e8b465ee728b)
Start importing Assets/Prefabs/BarrelDestroyEffects.prefab using Guid(eb870537f53484b3fb85a635bcf4458c) Importer(815301076,1909f56bfc062723c751e8b465ee728b)  -> (artifact id: '5d50517641a941b77fcf8b8c36014713') in 1.162270 seconds
  Import took 1.164972 seconds .

========================================================================
Received Import Request.
  Time since last request: 0.000470 seconds.
  path: Assets/Scripts/box.cs
  artifactKey: Guid(90dc7cc0944d943ccbf74b7828fe8b42) Importer(815301076,1909f56bfc062723c751e8b465ee728b)
Start importing Assets/Scripts/box.cs using Guid(90dc7cc0944d943ccbf74b7828fe8b42) Importer(815301076,1909f56bfc062723c751e8b465ee728b)  -> (artifact id: 'd2f14b571db1207e0896b7e20fe0b7aa') in 2.785240 seconds
  Import took 2.787740 seconds .

========================================================================
Received Prepare
Registering precompiled user dll's ...
Registered in 0.000498 seconds.
Begin MonoManager ReloadAssembly
Native extension for OSXStandalone target not found
Native extension for WebGL target not found
Refreshing native plugins compatible for Editor in 0.44 ms, found 1 plugins.
Preloading 0 native plugins for Editor in 0.00 ms.
Invoked RoslynAnalysisRunner static constructor.
RoslynAnalysisRunner will not be running.
RoslynAnalysisRunner has terminated.
Mono: successfully reloaded assembly
- Completed reload, in  1.327 seconds
Platform modules already initialized, skipping
Refreshing native plugins compatible for Editor in 0.30 ms, found 1 plugins.
Preloading 0 native plugins for Editor in 0.00 ms.
Unloading 1104 Unused Serialized files (Serialized files now loaded: 0)
System memory in use before: 123.1 MB.
System memory in use after: 123.1 MB.

Unloading 5 unused Assets to reduce memory usage. Loaded Objects now: 1568.
Total: 2.000822 ms (FindLiveObjects: 0.228911 ms CreateObjectMapping: 0.037771 ms MarkObjects: 1.629652 ms  DeleteObjects: 0.102480 ms)

AssetImportWorkerClient::OnTransportError - code=2 error=End of file
