Using pre-set license

 COMMAND LINE ARGUMENTS:
/Applications/Unity/Hub/Editor/2020.2.5f1/Unity.app/Contents/MacOS/Unity
-adb2
-batchMode
-noUpm
-name
AssetImportWorker0
-projectPath
/Users/samilasaroglu/Downloads/Shot Merger
-logFile
Logs/AssetImportWorker0.log
-srvPort
62863
Successfully changed project path to: /Users/samilasaroglu/Downloads/Shot Merger
/Users/samilasaroglu/Downloads/Shot Merger
Using Asset Import Pipeline V2.
Refreshing native plugins compatible for Editor in 38.00 ms, found 1 plugins.
Preloading 0 native plugins for Editor in 0.00 ms.
Initialize engine version: 2020.2.5f1 (e2c53f129de5)
[Subsystems] Discovering subsystems at path /Applications/Unity/Hub/Editor/2020.2.5f1/Unity.app/Contents/Resources/UnitySubsystems
[Subsystems] Discovering subsystems at path /Users/samilasaroglu/Downloads/Shot Merger/Assets
GfxDevice: creating device client; threaded=0
2022-04-12 22:15:52.217 Unity[23078:1728743] Color LCD preferred device: Intel(R) Iris(TM) Graphics 6000 (low power)
2022-04-12 22:15:52.217 Unity[23078:1728743] Metal devices available: 1
2022-04-12 22:15:52.217 Unity[23078:1728743] 0: Intel(R) Iris(TM) Graphics 6000 (low power)
2022-04-12 22:15:52.217 Unity[23078:1728743] Using device Intel(R) Iris(TM) Graphics 6000 (low power)
Initializing Metal device caps: Intel(R) Iris(TM) Graphics 6000
Initialize mono
Mono path[0] = '/Applications/Unity/Hub/Editor/2020.2.5f1/Unity.app/Contents/Managed'
Mono path[1] = '/Applications/Unity/Hub/Editor/2020.2.5f1/Unity.app/Contents/MonoBleedingEdge/lib/mono/unityjit'
Mono config path = '/Applications/Unity/Hub/Editor/2020.2.5f1/Unity.app/Contents/MonoBleedingEdge/etc'
Using monoOptions --debugger-agent=transport=dt_socket,embedding=1,server=y,suspend=n,address=127.0.0.1:56078
Begin MonoManager ReloadAssembly
Registering precompiled unity dll's ...
Register platform support module: /Applications/Unity/Hub/Editor/2020.2.5f1/PlaybackEngines/WebGLSupport/UnityEditor.WebGL.Extensions.dll
Register platform support module: /Applications/Unity/Hub/Editor/2020.2.5f1/Unity.app/Contents/PlaybackEngines/MacStandaloneSupport/UnityEditor.OSXStandalone.Extensions.dll
Registered in 0.006543 seconds.
Native extension for OSXStandalone target not found
Native extension for WebGL target not found
Refreshing native plugins compatible for Editor in 34.69 ms, found 1 plugins.
Preloading 0 native plugins for Editor in 0.00 ms.
Invoked RoslynAnalysisRunner static constructor.
RoslynAnalysisRunner will not be running.
RoslynAnalysisRunner has terminated.
Mono: successfully reloaded assembly
- Completed reload, in  4.968 seconds
Platform modules already initialized, skipping
Registering precompiled user dll's ...
Registered in 0.002065 seconds.
Begin MonoManager ReloadAssembly
Native extension for OSXStandalone target not found
Native extension for WebGL target not found
Refreshing native plugins compatible for Editor in 0.25 ms, found 1 plugins.
Preloading 0 native plugins for Editor in 0.00 ms.
Invoked RoslynAnalysisRunner static constructor.
RoslynAnalysisRunner will not be running.
RoslynAnalysisRunner has terminated.
Mono: successfully reloaded assembly
- Completed reload, in  1.542 seconds
Platform modules already initialized, skipping
========================================================================
Worker process is ready to serve import requests
Launching external process: /Applications/Unity/Hub/Editor/2020.2.5f1/Unity.app/Contents/Tools/UnityShaderCompiler
Launched and connected shader compiler UnityShaderCompiler after 0.03 seconds
Refreshing native plugins compatible for Editor in 0.37 ms, found 1 plugins.
Preloading 0 native plugins for Editor in 0.00 ms.
Unloading 1122 Unused Serialized files (Serialized files now loaded: 0)
System memory in use before: 115.0 MB.
System memory in use after: 115.0 MB.

Unloading 10 unused Assets to reduce memory usage. Loaded Objects now: 1566.
Total: 2.743485 ms (FindLiveObjects: 0.311110 ms CreateObjectMapping: 0.079761 ms MarkObjects: 2.237487 ms  DeleteObjects: 0.113273 ms)

========================================================================
Received Import Request.
  path: Assets/Scenes/SampleScene.unity
  artifactKey: Guid(9fc0d4010bbf28b4594072e72b8655ab) Importer(815301076,1909f56bfc062723c751e8b465ee728b)
Start importing Assets/Scenes/SampleScene.unity using Guid(9fc0d4010bbf28b4594072e72b8655ab) Importer(815301076,1909f56bfc062723c751e8b465ee728b)  -> (artifact id: '13dac11b6264b9857b0163fc306c277d') in 0.026993 seconds
  Import took 0.032900 seconds .

========================================================================
Received Import Request.
  Time since last request: 6.172133 seconds.
  path: Assets/a.unity
  artifactKey: Guid(9c16b6945bdbe4079b9c3f4457ae8885) Importer(815301076,1909f56bfc062723c751e8b465ee728b)
Start importing Assets/a.unity using Guid(9c16b6945bdbe4079b9c3f4457ae8885) Importer(815301076,1909f56bfc062723c751e8b465ee728b)  -> (artifact id: '5d8f32b0ee9ea54df5fb28cea9085dbd') in 0.007316 seconds
  Import took 0.012116 seconds .

========================================================================
Received Import Request.
  Time since last request: 82.282813 seconds.
  path: Assets/ShotMerger_Demo
  artifactKey: Guid(b738d5e20ed0a4c54b239636e7a540c3) Importer(815301076,1909f56bfc062723c751e8b465ee728b)
Start importing Assets/ShotMerger_Demo using Guid(b738d5e20ed0a4c54b239636e7a540c3) Importer(815301076,1909f56bfc062723c751e8b465ee728b)  -> (artifact id: 'a13ec636bea2c383327b5061da5ebf65') in 0.002887 seconds
  Import took 0.008042 seconds .

========================================================================
Received Import Request.
  Time since last request: 0.001182 seconds.
  path: Assets/ShotMerger_Demo
  artifactKey: Guid(b738d5e20ed0a4c54b239636e7a540c3) Importer(815301076,1909f56bfc062723c751e8b465ee728b)
Start importing Assets/ShotMerger_Demo using Guid(b738d5e20ed0a4c54b239636e7a540c3) Importer(815301076,1909f56bfc062723c751e8b465ee728b)  -> (artifact id: 'a13ec636bea2c383327b5061da5ebf65') in 0.002289 seconds
  Import took 0.005576 seconds .

========================================================================
Received Prepare
Registering precompiled user dll's ...
Registered in 0.000584 seconds.
Begin MonoManager ReloadAssembly
Native extension for OSXStandalone target not found
Native extension for WebGL target not found
Refreshing native plugins compatible for Editor in 0.23 ms, found 1 plugins.
Preloading 0 native plugins for Editor in 0.00 ms.
Invoked RoslynAnalysisRunner static constructor.
RoslynAnalysisRunner will not be running.
RoslynAnalysisRunner has terminated.
Mono: successfully reloaded assembly
- Completed reload, in  1.384 seconds
Platform modules already initialized, skipping
Refreshing native plugins compatible for Editor in 0.35 ms, found 1 plugins.
Preloading 0 native plugins for Editor in 0.00 ms.
Unloading 1104 Unused Serialized files (Serialized files now loaded: 0)
System memory in use before: 114.2 MB.
System memory in use after: 114.2 MB.

Unloading 5 unused Assets to reduce memory usage. Loaded Objects now: 1568.
Total: 2.415107 ms (FindLiveObjects: 0.307885 ms CreateObjectMapping: 0.055580 ms MarkObjects: 1.982566 ms  DeleteObjects: 0.067406 ms)

========================================================================
Received Prepare
Registering precompiled user dll's ...
Registered in 0.000496 seconds.
Begin MonoManager ReloadAssembly
Native extension for OSXStandalone target not found
Native extension for WebGL target not found
Refreshing native plugins compatible for Editor in 0.25 ms, found 1 plugins.
Preloading 0 native plugins for Editor in 0.00 ms.
Invoked RoslynAnalysisRunner static constructor.
RoslynAnalysisRunner will not be running.
RoslynAnalysisRunner has terminated.
Mono: successfully reloaded assembly
- Completed reload, in  1.354 seconds
Platform modules already initialized, skipping
Refreshing native plugins compatible for Editor in 0.54 ms, found 1 plugins.
Preloading 0 native plugins for Editor in 0.00 ms.
Unloading 1104 Unused Serialized files (Serialized files now loaded: 0)
System memory in use before: 114.4 MB.
System memory in use after: 114.4 MB.

Unloading 5 unused Assets to reduce memory usage. Loaded Objects now: 1570.
Total: 2.683937 ms (FindLiveObjects: 0.487342 ms CreateObjectMapping: 0.087353 ms MarkObjects: 2.042384 ms  DeleteObjects: 0.065212 ms)

